Flutter crash report.
Please report a bug at https://github.com/flutter/flutter/issues.

## command

flutter run

## exception

RPCError: _flutter.renderFrameWithRasterStats: (-32601) Unknown method "_flutter.renderFrameWithRasterStats".

```
#0      new _OutstandingRequest (package:vm_service/src/vm_service.dart:1746:45)
#1      VmService._call (package:vm_service/src/vm_service.dart:2262:21)
#2      VmService.callServiceExtension (package:vm_service/src/vm_service.dart:2233:14)
#3      VmService.callMethod (package:vm_service/src/vm_service.dart:2215:12)
#4      FlutterVmService.callMethodWrapper (package:flutter_tools/src/vmservice.dart:463:28)
#5      FlutterVmService.renderFrameWithRasterStats (package:flutter_tools/src/vmservice.dart:562:49)
#6      ResidentHandlers.debugFrameJankMetrics (package:flutter_tools/src/resident_runner.dart:691:35)
<asynchronous suspension>
#7      TerminalHandler.processTerminalInput (package:flutter_tools/src/resident_runner.dart:1739:7)
<asynchronous suspension>
```

## flutter doctor

```
[✓] Flutter (Channel stable, 3.3.9, on macOS 11.6.2 20G314 darwin-x64, locale
    en-EG)
    • Flutter version 3.3.9 on channel stable at /Users/mostafa/Flutter/flutter
    • Upstream repository https://github.com/flutter/flutter.git
    • Framework revision b8f7f1f986 (4 weeks ago), 2022-11-23 06:43:51 +0900
    • Engine revision 8f2221fbef
    • Dart version 2.18.5
    • DevTools version 2.15.0

[✓] Android toolchain - develop for Android devices (Android SDK version 33.0.0)
    • Android SDK at /Users/mostafa/Library/Android/sdk
    • Platform android-33, build-tools 33.0.0
    • Java binary at: /Applications/Android
      Studio.app/Contents/jre/Contents/Home/bin/java
    • Java version OpenJDK Runtime Environment (build
      11.0.12+0-b1504.28-7817840)
    • All Android licenses accepted.

[✓] Xcode - develop for iOS and macOS (Xcode 13.2.1)
    • Xcode at /Applications/Xcode.app/Contents/Developer
    • Build 13C100
    • CocoaPods version 1.11.2

[✓] Chrome - develop for the web
    • Chrome at /Applications/Google Chrome.app/Contents/MacOS/Google Chrome

[✓] Android Studio (version 2021.2)
    • Android Studio at /Applications/Android Studio.app/Contents
    • Flutter plugin can be installed from:
      🔨 https://plugins.jetbrains.com/plugin/9212-flutter
    • Dart plugin can be installed from:
      🔨 https://plugins.jetbrains.com/plugin/6351-dart
    • Java version OpenJDK Runtime Environment (build
      11.0.12+0-b1504.28-7817840)

[✓] IntelliJ IDEA Community Edition (version 2019.2.4)
    • IntelliJ at /Applications/IntelliJ IDEA CE.app
    • Flutter plugin can be installed from:
      🔨 https://plugins.jetbrains.com/plugin/9212-flutter
    • Dart plugin can be installed from:
      🔨 https://plugins.jetbrains.com/plugin/6351-dart

[✓] VS Code (version 1.74.2)
    • VS Code at /Applications/Visual Studio Code.app/Contents
    • Flutter extension version 3.54.0

[✓] Connected device (2 available)
    • macOS (desktop) • macos  • darwin-x64     • macOS 11.6.2 20G314 darwin-x64
    • Chrome (web)    • chrome • web-javascript • Google Chrome 101.0.4951.54

[✓] HTTP Host Availability
    • All required HTTP hosts are available

• No issues found!
```
